<?xml version="1.0" encoding="UTF-8"?>
<!-- Generated by org.testng.reporters.JUnitXMLReporter -->
<testsuite ignored="3" hostname="DESKTOP-6MMKR3C" failures="0" tests="3" name="Test" time="9.545" errors="0" timestamp="2023-07-25T16:23:17 IST">
  <testcase classname="Appium.Appium_Java.test4" name="test4" time="0.017"/>
  <testcase classname="Appium.Appium_Java.test5" name="test5" time="9.426"/>
  <testcase classname="Appium.Appium_Java.test6" name="test6" time="0.001"/>
  <testcase classname="Appium.Appium_Java.test1" name="test1" time="0.0">
    <ignored/>
  </testcase> <!-- test1 -->
  <testcase classname="Appium.Appium_Java.test2" name="test2" time="0.0">
    <ignored/>
  </testcase> <!-- test2 -->
  <testcase classname="Appium.Appium_Java.test3" name="test3" time="0.0">
    <ignored/>
  </testcase> <!-- test3 -->
</testsuite> <!-- Test -->
